Arguments: 
  /home/giovanni/.nvm/versions/node/v16.13.0/bin/node /home/giovanni/.nvm/versions/node/v16.13.0/bin/yarn init

PATH: 
  /home/giovanni/Android/Sdk/tools/bin:/home/giovanni/Android/Sdk/tools:/home/giovanni/Android/Sdk/platform-tools:/home/giovanni/.nvm/versions/node/v16.13.0/bin:/home/giovanni/.local/bin:/usr/share/rvm/gems/ruby-3.0.0/bin:/usr/share/rvm/gems/ruby-3.0.0@global/bin:/usr/share/rvm/rubies/ruby-3.0.0/bin:/usr/local/sbin:/usr/local/bin:/usr/sbin:/usr/bin:/sbin:/bin:/usr/games:/usr/local/games:/snap/bin:/usr/share/rvm/bin

Yarn version: 
  1.22.17

Node version: 
  16.13.0

Platform: 
  linux x64

Trace: 
  Error: canceled
      at Interface.<anonymous> (/home/giovanni/.nvm/versions/node/v16.13.0/lib/node_modules/yarn/lib/cli.js:137143:13)
      at Interface.emit (node:events:390:28)
      at Interface._ttyWrite (node:readline:1081:16)
      at ReadStream.onkeypress (node:readline:288:10)
      at ReadStream.emit (node:events:390:28)
      at emitKeys (node:internal/readline/utils:358:14)
      at emitKeys.next (<anonymous>)
      at ReadStream.onData (node:internal/readline/emitKeypressEvents:61:36)
      at ReadStream.emit (node:events:390:28)
      at addChunk (node:internal/streams/readable:315:12)

npm manifest: 
  No manifest

yarn manifest: 
  No manifest

Lockfile: 
  No lockfile
